[master][[9400,1],0][../../../../../../opal/mca/btl/tcp/btl_tcp_proc.c:266:mca_btl_tcp_proc_create_interface_graph] Unable to find reachable pairing between local and remote interfaces
[master][[9400,1],1][../../../../../../opal/mca/btl/tcp/btl_tcp_proc.c:266:mca_btl_tcp_proc_create_interface_graph] Unable to find reachable pairing between local and remote interfaces
[slave2][[9400,1],3][../../../../../../opal/mca/btl/tcp/btl_tcp_proc.c:266:mca_btl_tcp_proc_create_interface_graph] Unable to find reachable pairing between local and remote interfaces
[slave2][[9400,1],2][../../../../../../opal/mca/btl/tcp/btl_tcp_proc.c:266:mca_btl_tcp_proc_create_interface_graph] Unable to find reachable pairing between local and remote interfaces
Project context:
  Algorithm: SUMMA parallel matrix multiplication.
  Parallelism level: data parallelism.
  Decomposition: two-dimensional block data decomposition.
  Mapping: q x q process grid; each rank owns an N/q x N/q block.
  Communication: blocking MPI point-to-point for scatter/gather and MPI_Bcast for SUMMA panels.
  Topology: logical 2D Cartesian grid with row and column communicators.
  Load balance: equal-size matrix blocks when N is divisible by q.

SUMMA completed
  matrix_size: 3000 x 3000
  processes: 4
  process_grid: 2 x 2
  block_size_per_process: 1500 x 1500
  init_mode: pattern
  verification_error: -1.000000e+00
  checksum: 647999964030.000000
  total_time_with_communication_max: 8.426711 seconds
  compute_time_without_communication_max: 6.334851 seconds
  communication_time_max: 4.919965 seconds
  idle_time_max: 1.683287 seconds
  load_imbalance_by_idle_gap: 19.91%
  bytes_sent_total: 306000000
  bytes_received_total: 306000000
  load_balance_status: acceptable_under_25_percent
kind,prefix,n,processes,grid,block,init,verify_error,checksum,total_max,compute_max,comm_max,idle_max,imbalance_percent,bytes_sent,bytes_received
summary,n3000_p4,3000,4,2,1500,pattern,-1.000000000000e+00,647999964030.000000000000,8.426711204000,6.334850634000,4.919964693000,1.683286743000,19.911645,306000000,306000000
kind,prefix,rank,grid_rank,grid_row,grid_col,local_rows,local_cols,total,compute,communication,distribution,broadcast,gather,idle,bytes_sent,bytes_received
rank,n3000_p4,0,0,0,0,1500,1500,8.426239048000,3.500884422000,4.919964693000,0.893076172000,2.233138427000,1.793750094000,0.005389933000,144000000,90000000
rank,n3000_p4,1,1,0,1,1500,1500,8.426332642000,3.538029263000,3.205016636000,0.084407308000,3.118416266000,0.002193062000,1.683286743000,54000000,72000000
rank,n3000_p4,2,2,1,0,1500,1500,8.426711204000,6.114889897000,1.898361200000,0.440826109000,1.280750164000,0.176784927000,0.413460107000,54000000,72000000
rank,n3000_p4,3,3,1,1,1500,1500,8.426461520000,6.334850634000,2.079783512000,0.927130813000,0.961901135000,0.190751564000,0.011827374000,54000000,72000000

Suggested 4-person implementation split:
  Part 1: MPI/SUMMA kernel and 2D process-grid mapping.
  Part 2: Matrix generation, serial baseline, and correctness verification.
  Part 3: Timing, communication/computation metrics, and load-balance analysis.
  Part 4: CLI, experiment scripts, CSV outputs, charts, and final report.
