[master][[51396,1],0][../../../../../../opal/mca/btl/tcp/btl_tcp_proc.c:266:mca_btl_tcp_proc_create_interface_graph] Unable to find reachable pairing between local and remote interfaces
[master][[51396,1],0][../../../../../../opal/mca/btl/tcp/btl_tcp_proc.c:266:mca_btl_tcp_proc_create_interface_graph] [master][[51396,1],2][../../../../../../opal/mca/btl/tcp/btl_tcp_proc.c:266:mca_btl_tcp_proc_create_interface_graph] Unable to find reachable pairing between local and remote interfaces
[master][[51396,1],2][../../../../../../opal/mca/btl/tcp/btl_tcp_proc.c:266:mca_btl_tcp_proc_create_interface_graph] Unable to find reachable pairing between local and remote interfaces
[master][[51396,1],1][../../../../../../opal/mca/btl/tcp/btl_tcp_proc.c:266:mca_btl_tcp_proc_create_interface_graph] Unable to find reachable pairing between local and remote interfaces
[master][[51396,1],1][../../../../../../opal/mca/btl/tcp/btl_tcp_proc.c:266:mca_btl_tcp_proc_create_interface_graph] Unable to find reachable pairing between local and remote interfaces
Unable to find reachable pairing between local and remote interfaces
[slave2][[51396,1],3][../../../../../../opal/mca/btl/tcp/btl_tcp_proc.c:266:mca_btl_tcp_proc_create_interface_graph] Unable to find reachable pairing between local and remote interfaces
[slave2][[51396,1],3][../../../../../../opal/mca/btl/tcp/btl_tcp_proc.c:266:mca_btl_tcp_proc_create_interface_graph] Unable to find reachable pairing between local and remote interfaces
[slave2][[51396,1],4][../../../../../../opal/mca/btl/tcp/btl_tcp_proc.c:266:mca_btl_tcp_proc_create_interface_graph] Unable to find reachable pairing between local and remote interfaces
[slave2][[51396,1],4][../../../../../../opal/mca/btl/tcp/btl_tcp_proc.c:266:mca_btl_tcp_proc_create_interface_graph] Unable to find reachable pairing between local and remote interfaces
[slave1][[51396,1],6][../../../../../../opal/mca/btl/tcp/btl_tcp_proc.c:266:mca_btl_tcp_proc_create_interface_graph] Unable to find reachable pairing between local and remote interfaces
[slave1][[51396,1],6][../../../../../../opal/mca/btl/tcp/btl_tcp_proc.c:266:mca_btl_tcp_proc_create_interface_graph] Unable to find reachable pairing between local and remote interfaces
[slave2][[51396,1],5][../../../../../../opal/mca/btl/tcp/btl_tcp_proc.c:266:mca_btl_tcp_proc_create_interface_graph] Unable to find reachable pairing between local and remote interfaces
[slave2][[51396,1],5][../../../../../../opal/mca/btl/tcp/btl_tcp_proc.c:266:mca_btl_tcp_proc_create_interface_graph] Unable to find reachable pairing between local and remote interfaces
[slave1][[51396,1],7][../../../../../../opal/mca/btl/tcp/btl_tcp_proc.c:266:mca_btl_tcp_proc_create_interface_graph] Unable to find reachable pairing between local and remote interfaces
[slave1][[51396,1],7][../../../../../../opal/mca/btl/tcp/btl_tcp_proc.c:266:mca_btl_tcp_proc_create_interface_graph] Unable to find reachable pairing between local and remote interfaces
[slave1][[51396,1],8][../../../../../../opal/mca/btl/tcp/btl_tcp_proc.c:266:mca_btl_tcp_proc_create_interface_graph] Unable to find reachable pairing between local and remote interfaces
[slave1][[51396,1],8][../../../../../../opal/mca/btl/tcp/btl_tcp_proc.c:266:mca_btl_tcp_proc_create_interface_graph] Unable to find reachable pairing between local and remote interfaces
Project context:
  Algorithm: SUMMA parallel matrix multiplication.
  Parallelism level: data parallelism.
  Decomposition: two-dimensional block data decomposition.
  Mapping: q x q process grid; each rank owns an N/q x N/q block.
  Communication: blocking MPI point-to-point for scatter/gather and MPI_Bcast for SUMMA panels.
  Topology: logical 2D Cartesian grid with row and column communicators.
  Load balance: equal-size matrix blocks when N is divisible by q.

SUMMA completed
  matrix_size: 9000 x 9000
  processes: 9
  process_grid: 3 x 3
  block_size_per_process: 3000 x 3000
  init_mode: pattern
  verification_error: -1.000000e+00
  checksum: 17495999856038.000000
  total_time_with_communication_max: 133.108607 seconds
  compute_time_without_communication_max: 100.813929 seconds
  communication_time_max: 65.785121 seconds
  idle_time_max: 16.723180 seconds
  load_imbalance_by_idle_gap: 12.53%
  bytes_sent_total: 4320000000
  bytes_received_total: 4320000000
  load_balance_status: acceptable_under_25_percent
kind,prefix,n,processes,grid,block,init,verify_error,checksum,total_max,compute_max,comm_max,idle_max,imbalance_percent,bytes_sent,bytes_received
summary,n9000_p9,9000,9,3,3000,pattern,-1.000000000000e+00,17495999856038.000000000000,133.108607186000,100.813928691000,65.785120622000,16.723180387000,12.534026,4320000000,4320000000
kind,prefix,rank,grid_rank,grid_row,grid_col,local_rows,local_cols,total,compute,communication,distribution,broadcast,gather,idle,bytes_sent,bytes_received
rank,n9000_p9,0,0,0,0,3000,3000,133.108605624000,67.274213564000,65.785120622000,8.495868471000,40.555816381000,16.733435770000,0.049271438000,1440000000,864000000
rank,n9000_p9,1,1,0,1,3000,3000,133.107338026000,57.197963455000,59.186194184000,0.568210556000,55.717152926000,2.900830702000,16.723180387000,360000000,432000000
rank,n9000_p9,2,2,0,2,3000,3000,133.108607186000,55.571310898000,60.865129013000,0.650727935000,57.025448389000,3.188952689000,16.672167275000,360000000,432000000
rank,n9000_p9,3,3,1,0,3000,3000,133.107522211000,98.623535213000,29.812531669000,1.912489729000,27.037712048000,0.862329892000,4.671455329000,360000000,432000000
rank,n9000_p9,4,4,1,1,3000,3000,133.107442882000,98.314782978000,31.141898052000,3.244898597000,27.270994482000,0.626004973000,3.650761852000,360000000,432000000
rank,n9000_p9,5,5,1,2,3000,3000,133.107521857000,97.095810658000,33.356024399000,4.472320044000,26.083343848000,2.800360507000,2.655686800000,360000000,432000000
rank,n9000_p9,6,6,2,0,3000,3000,133.108570412000,99.640712997000,31.560534588000,5.722748104000,22.470416093000,3.367370391000,1.907322827000,360000000,432000000
rank,n9000_p9,7,7,2,1,3000,3000,133.108360682000,100.813928691000,31.697717750000,6.973943713000,20.793349519000,3.930424518000,0.596714241000,360000000,432000000
rank,n9000_p9,8,8,2,2,3000,3000,133.108570926000,100.562440209000,32.506817729000,8.481801929000,19.473409953000,4.551605847000,0.039312988000,360000000,432000000

Suggested 4-person implementation split:
  Part 1: MPI/SUMMA kernel and 2D process-grid mapping.
  Part 2: Matrix generation, serial baseline, and correctness verification.
  Part 3: Timing, communication/computation metrics, and load-balance analysis.
  Part 4: CLI, experiment scripts, CSV outputs, charts, and final report.
