Project context:
  Algorithm: SUMMA parallel matrix multiplication.
  Parallelism level: data parallelism.
  Decomposition: two-dimensional block data decomposition.
  Mapping: q x q process grid; each rank owns an N/q x N/q block.
  Communication: blocking MPI point-to-point for scatter/gather and MPI_Bcast for SUMMA panels.
  Topology: logical 2D Cartesian grid with row and column communicators.
  Load balance: equal-size matrix blocks when N is divisible by q.

SUMMA completed
  matrix_size: 64 x 64
  processes: 4
  process_grid: 2 x 2
  block_size_per_process: 32 x 32
  init_mode: pattern
  verification_error: 0.000000e+00
  checksum: 6288756.000000
  total_time_with_communication_max: 0.000317 seconds
  compute_time_without_communication_max: 0.000025 seconds
  communication_time_max: 0.000278 seconds
  idle_time_max: 0.000021 seconds
  load_imbalance_by_idle_gap: 4.97%
  bytes_sent_total: 139264
  bytes_received_total: 139264
  load_balance_status: acceptable_under_25_percent
kind,prefix,n,processes,grid,block,init,verify_error,checksum,total_max,compute_max,comm_max,idle_max,imbalance_percent,bytes_sent,bytes_received
summary,correctness_np4_n64,64,4,2,32,pattern,0.000000000000e+00,6288756.000000000000,0.000317190000,0.000025485000,0.000278483000,0.000020994000,4.970522,139264,139264
kind,prefix,rank,grid_rank,grid_row,grid_col,local_rows,local_cols,total,compute,communication,distribution,broadcast,gather,idle,bytes_sent,bytes_received
rank,correctness_np4_n64,0,0,0,0,32,32,0.000309196000,0.000025485000,0.000278483000,0.000138693000,0.000102911000,0.000036879000,0.000005228000,65536,40960
rank,correctness_np4_n64,1,1,0,1,32,32,0.000317190000,0.000021977000,0.000274219000,0.000105929000,0.000131527000,0.000036763000,0.000020994000,24576,32768
rank,correctness_np4_n64,2,2,1,0,32,32,0.000302784000,0.000022898000,0.000269518000,0.000113975000,0.000147873000,0.000007670000,0.000010368000,24576,32768
rank,correctness_np4_n64,3,3,1,1,32,32,0.000316327000,0.000022790000,0.000275807000,0.000134688000,0.000115260000,0.000025859000,0.000017730000,24576,32768

Suggested 4-person implementation split:
  Part 1: MPI/SUMMA kernel and 2D process-grid mapping.
  Part 2: Matrix generation, serial baseline, and correctness verification.
  Part 3: Timing, communication/computation metrics, and load-balance analysis.
  Part 4: CLI, experiment scripts, CSV outputs, charts, and final report.
