Project context:
  Algorithm: SUMMA parallel matrix multiplication.
  Parallelism level: data parallelism.
  Decomposition: two-dimensional block data decomposition.
  Mapping: q x q process grid; each rank owns an N/q x N/q block.
  Communication: blocking MPI point-to-point for scatter/gather and MPI_Bcast for SUMMA panels.
  Topology: logical 2D Cartesian grid with row and column communicators.
  Load balance: equal-size matrix blocks when N is divisible by q.

SUMMA completed
  matrix_size: 256 x 256
  processes: 4
  process_grid: 2 x 2
  block_size_per_process: 128 x 128
  init_mode: pattern
  verification_error: -1.000000e+00
  checksum: 402653226.000000
  total_time_with_communication_max: 0.019228 seconds
  compute_time_without_communication_max: 0.005192 seconds
  communication_time_max: 0.013889 seconds
  idle_time_max: 0.003630 seconds
  load_imbalance_by_idle_gap: 18.63%
  bytes_sent_total: 2228224
  bytes_received_total: 2228224
  load_balance_status: acceptable_under_25_percent
kind,prefix,n,processes,grid,block,init,verify_error,checksum,total_max,compute_max,comm_max,idle_max,imbalance_percent,bytes_sent,bytes_received
summary,size_np4_n256,256,4,2,128,pattern,-1.000000000000e+00,402653226.000000000000,0.019227998000,0.005191628000,0.013889246000,0.003630318000,18.626125,2228224,2228224
kind,prefix,rank,grid_rank,grid_row,grid_col,local_rows,local_cols,total,compute,communication,distribution,broadcast,gather,idle,bytes_sent,bytes_received
rank,size_np4_n256,0,0,0,0,128,128,0.016685687000,0.005191628000,0.011445172000,0.007700363000,0.001915494000,0.001829315000,0.000048887000,1048576,655360
rank,size_np4_n256,1,1,0,1,128,128,0.019227998000,0.001708434000,0.013889246000,0.006723221000,0.006895533000,0.000270492000,0.003630318000,393216,524288
rank,size_np4_n256,2,2,1,0,128,128,0.015389228000,0.001669241000,0.012603730000,0.005318241000,0.005288936000,0.001996553000,0.001116257000,393216,524288
rank,size_np4_n256,3,3,1,1,128,128,0.015157814000,0.002566640000,0.012235779000,0.005769268000,0.006425952000,0.000040559000,0.000355395000,393216,524288

Suggested 4-person implementation split:
  Part 1: MPI/SUMMA kernel and 2D process-grid mapping.
  Part 2: Matrix generation, serial baseline, and correctness verification.
  Part 3: Timing, communication/computation metrics, and load-balance analysis.
  Part 4: CLI, experiment scripts, CSV outputs, charts, and final report.
