Project context:
  Algorithm: SUMMA parallel matrix multiplication.
  Parallelism level: data parallelism.
  Decomposition: two-dimensional block data decomposition.
  Mapping: q x q process grid; each rank owns an N/q x N/q block.
  Communication: blocking MPI point-to-point for scatter/gather and MPI_Bcast for SUMMA panels.
  Topology: logical 2D Cartesian grid with row and column communicators.
  Load balance: equal-size matrix blocks when N is divisible by q.

SUMMA completed
  matrix_size: 512 x 512
  processes: 4
  process_grid: 2 x 2
  block_size_per_process: 256 x 256
  init_mode: pattern
  verification_error: -1.000000e+00
  checksum: 3221205987.000000
  total_time_with_communication_max: 0.091056 seconds
  compute_time_without_communication_max: 0.040544 seconds
  communication_time_max: 0.076865 seconds
  idle_time_max: 0.017021 seconds
  load_imbalance_by_idle_gap: 18.48%
  bytes_sent_total: 8912896
  bytes_received_total: 8912896
  load_balance_status: acceptable_under_25_percent
kind,prefix,n,processes,grid,block,init,verify_error,checksum,total_max,compute_max,comm_max,idle_max,imbalance_percent,bytes_sent,bytes_received
summary,size_np4_n512,512,4,2,256,pattern,-1.000000000000e+00,3221205987.000000000000,0.091055599000,0.040543787000,0.076865413000,0.017021086000,18.477468,8912896,8912896
kind,prefix,rank,grid_rank,grid_row,grid_col,local_rows,local_cols,total,compute,communication,distribution,broadcast,gather,idle,bytes_sent,bytes_received
rank,size_np4_n512,0,0,0,0,256,256,0.091052616000,0.040543787000,0.050210852000,0.025733590000,0.023438312000,0.001038950000,0.000297977000,4194304,2621440
rank,size_np4_n512,1,1,0,1,256,256,0.091053462000,0.013161454000,0.076865413000,0.019101598000,0.029769203000,0.027994612000,0.001026595000,1572864,2097152
rank,size_np4_n512,2,2,1,0,256,256,0.087310602000,0.033444739000,0.036844777000,0.019093587000,0.016548165000,0.001203025000,0.017021086000,1572864,2097152
rank,size_np4_n512,3,3,1,1,256,256,0.091055599000,0.036937531000,0.053921751000,0.025595598000,0.004249626000,0.024076527000,0.000196317000,1572864,2097152

Suggested 4-person implementation split:
  Part 1: MPI/SUMMA kernel and 2D process-grid mapping.
  Part 2: Matrix generation, serial baseline, and correctness verification.
  Part 3: Timing, communication/computation metrics, and load-balance analysis.
  Part 4: CLI, experiment scripts, CSV outputs, charts, and final report.
