Project context:
  Algorithm: SUMMA parallel matrix multiplication.
  Parallelism level: data parallelism.
  Decomposition: two-dimensional block data decomposition.
  Mapping: q x q process grid; each rank owns an N/q x N/q block.
  Communication: blocking MPI point-to-point for scatter/gather and MPI_Bcast for SUMMA panels.
  Topology: logical 2D Cartesian grid with row and column communicators.
  Load balance: equal-size matrix blocks when N is divisible by q.

SUMMA completed
  matrix_size: 1536 x 1536
  processes: 9
  process_grid: 3 x 3
  block_size_per_process: 512 x 512
  init_mode: pattern
  verification_error: -1.000000e+00
  checksum: 86972974089.000000
  total_time_with_communication_max: 1.168711 seconds
  compute_time_without_communication_max: 0.934457 seconds
  communication_time_max: 0.558152 seconds
  idle_time_max: 0.185350 seconds
  load_imbalance_by_idle_gap: 15.79%
  bytes_sent_total: 125829120
  bytes_received_total: 125829120
  load_balance_status: acceptable_under_25_percent
kind,prefix,n,processes,grid,block,init,verify_error,checksum,total_max,compute_max,comm_max,idle_max,imbalance_percent,bytes_sent,bytes_received
summary,speed_np9_n1536,1536,9,3,512,pattern,-1.000000000000e+00,86972974089.000000000000,1.168711080000,0.934457210000,0.558152210000,0.185349514000,15.793399,125829120,125829120
kind,prefix,rank,grid_rank,grid_row,grid_col,local_rows,local_cols,total,compute,communication,distribution,broadcast,gather,idle,bytes_sent,bytes_received
rank,speed_np9_n1536,0,0,0,0,512,512,1.168095375000,0.813502265000,0.352924359000,0.063526478000,0.154193168000,0.135204713000,0.001668751000,41943040,25165824
rank,speed_np9_n1536,1,1,0,1,512,512,1.168113512000,0.744195866000,0.238568132000,0.033726456000,0.197060682000,0.007780994000,0.185349514000,10485760,12582912
rank,speed_np9_n1536,2,2,0,2,512,512,1.168474596000,0.805222970000,0.320013442000,0.046885542000,0.261104032000,0.012023868000,0.043238184000,10485760,12582912
rank,speed_np9_n1536,3,3,1,0,512,512,1.168137419000,0.603270214000,0.558152210000,0.052060109000,0.166647889000,0.339444212000,0.006714995000,10485760,12582912
rank,speed_np9_n1536,4,4,1,1,512,512,1.168585792000,0.920449087000,0.237891081000,0.053274162000,0.182911625000,0.001705294000,0.010245624000,10485760,12582912
rank,speed_np9_n1536,5,5,1,2,512,512,1.168134908000,0.823482036000,0.340876992000,0.056319216000,0.266044426000,0.018513350000,0.003775880000,10485760,12582912
rank,speed_np9_n1536,6,6,2,0,512,512,1.168504201000,0.921085058000,0.242632967000,0.058220409000,0.181352137000,0.003060421000,0.004786176000,10485760,12582912
rank,speed_np9_n1536,7,7,2,1,512,512,1.168711080000,0.934457210000,0.221475392000,0.061324206000,0.082318014000,0.077833172000,0.012778478000,10485760,12582912
rank,speed_np9_n1536,8,8,2,2,512,512,1.167010893000,0.751973934000,0.414266648000,0.062443483000,0.275990533000,0.075832632000,0.000770311000,10485760,12582912

Suggested 4-person implementation split:
  Part 1: MPI/SUMMA kernel and 2D process-grid mapping.
  Part 2: Matrix generation, serial baseline, and correctness verification.
  Part 3: Timing, communication/computation metrics, and load-balance analysis.
  Part 4: CLI, experiment scripts, CSV outputs, charts, and final report.
